TN:
SF:src/presentation/helpers/http-response.js
FN:5,badRequest
FN:12,serverError
FN:19,unauthorizedError
FN:26,ok
FNF:4
FNH:4
FNDA:3,badRequest
FNDA:8,serverError
FNDA:1,unauthorizedError
FNDA:3,ok
DA:1,1
DA:2,1
DA:3,1
DA:4,1
DA:5,1
DA:6,3
DA:7,3
DA:8,3
DA:9,3
DA:10,3
DA:11,1
DA:12,1
DA:13,8
DA:14,8
DA:15,8
DA:16,8
DA:17,8
DA:18,1
DA:19,1
DA:20,1
DA:21,1
DA:22,1
DA:23,1
DA:24,1
DA:25,1
DA:26,1
DA:27,3
DA:28,3
DA:29,3
DA:30,3
DA:31,3
DA:32,1
LF:32
LH:32
BRDA:32,0,0,1
BRDA:5,1,0,3
BRDA:12,2,0,8
BRDA:19,3,0,1
BRDA:26,4,0,3
BRF:5
BRH:5
end_of_record
TN:
SF:src/presentation/helpers/invalid-param-error.js
FN:2,InvalidParamError
FNF:1
FNH:1
FNDA:2,InvalidParamError
DA:1,1
DA:2,1
DA:3,2
DA:4,2
DA:5,2
DA:6,1
LF:6
LH:6
BRDA:6,0,0,1
BRDA:2,1,0,2
BRF:2
BRH:2
end_of_record
TN:
SF:src/presentation/helpers/missing-param-error.js
FN:2,MissingParamError
FNF:1
FNH:1
FNDA:4,MissingParamError
DA:1,1
DA:2,1
DA:3,4
DA:4,4
DA:5,4
DA:6,1
LF:6
LH:6
BRDA:6,0,0,1
BRDA:2,1,0,4
BRF:2
BRH:2
end_of_record
TN:
SF:src/presentation/helpers/server-error.js
FN:2,ServerError
FNF:1
FNH:1
FNDA:14,ServerError
DA:1,1
DA:2,1
DA:3,14
DA:4,14
DA:5,14
DA:6,1
LF:6
LH:6
BRDA:6,0,0,1
BRDA:2,1,0,14
BRF:2
BRH:2
end_of_record
TN:
SF:src/presentation/helpers/unauthorized-error.js
FN:2,UnauthorizedError
FNF:1
FNH:1
FNDA:2,UnauthorizedError
DA:1,1
DA:2,1
DA:3,2
DA:4,2
DA:5,2
DA:6,1
LF:6
LH:6
BRDA:6,0,0,1
BRDA:2,1,0,2
BRF:2
BRH:2
end_of_record
TN:
SF:src/presentation/routes/login-router.js
FN:6,LoginRouter
FN:11,route
FNF:2
FNH:2
FNDA:15,LoginRouter
FNDA:15,route
DA:1,1
DA:2,1
DA:3,1
DA:4,1
DA:5,1
DA:6,1
DA:7,15
DA:8,15
DA:9,15
DA:10,1
DA:11,1
DA:12,15
DA:13,15
DA:14,15
DA:15,1
DA:16,1
DA:17,15
DA:18,1
DA:19,1
DA:20,15
DA:21,1
DA:22,1
DA:23,4
DA:24,15
DA:25,1
DA:26,1
DA:27,3
DA:28,15
DA:29,8
DA:30,8
DA:31,0
DA:32,1
LF:32
LH:31
BRDA:32,0,0,1
BRDA:6,1,0,15
BRDA:11,2,0,15
BRDA:14,3,0,1
BRDA:16,4,0,12
BRDA:17,5,0,1
BRDA:19,6,0,5
BRDA:20,7,0,1
BRDA:22,8,0,4
BRDA:24,9,0,1
BRDA:26,10,0,3
BRDA:12,11,0,0
BRDA:28,12,0,8
BRDA:30,13,0,0
BRF:14
BRH:12
end_of_record
